<?xml version="1.0" encoding="UTF-8"?>
<!-- Generated by org.testng.reporters.JUnitReportReporter -->
<testsuite hostname="MININT-3H1P58N" name="com.selenium.testmodule.GmailLoginTest" tests="1" failures="0" timestamp="9 Jun 2016 02:54:04 GMT" time="10336.203" errors="0">
  <testcase name="f" time="10336.203" classname="com.selenium.testmodule.GmailLoginTest"/>
</testsuite> <!-- com.selenium.testmodule.GmailLoginTest -->
